# JRE version: Java(TM) SE Runtime Environment (8.0_131-b11) (build 1.8.0_131-b11)
# Java VM: Java HotSpot(TM) 64-Bit Server VM (25.131-b11 mixed mode windows-amd64 compressed oops)
Heap:
 PSYoungGen      total 75776K, used 13479K [0x000000076b780000, 0x0000000770c00000, 0x00000007c0000000)
  eden space 65024K, 20% used [0x000000076b780000,0x000000076c4a9db8,0x000000076f700000)
  from space 10752K, 0% used [0x000000076f700000,0x000000076f700000,0x0000000770180000)
  to   space 10752K, 0% used [0x0000000770180000,0x0000000770180000,0x0000000770c00000)
 ParOldGen       total 124928K, used 5652K [0x00000006c2600000, 0x00000006ca000000, 0x000000076b780000)
  object space 124928K, 4% used [0x00000006c2600000,0x00000006c2b853c8,0x00000006ca000000)
 Metaspace       used 18386K, capacity 19626K, committed 19712K, reserved 1069056K
  class space    used 2793K, capacity 3046K, committed 3072K, reserved 1048576K
GC Heap History (4 events):
Event: 0.818 GC heap before
{Heap before GC invocations=1 (full 0):
 PSYoungGen      total 75776K, used 36885K [0x000000076b780000, 0x0000000770c00000, 0x00000007c0000000)
  eden space 65024K, 56% used [0x000000076b780000,0x000000076db85640,0x000000076f700000)
  from space 10752K, 0% used [0x0000000770180000,0x0000000770180000,0x0000000770c00000)
  to   space 10752K, 0% used [0x000000076f700000,0x000000076f700000,0x0000000770180000)
 ParOldGen       total 173568K, used 0K [0x00000006c2600000, 0x00000006ccf80000, 0x000000076b780000)
  object space 173568K, 0% used [0x00000006c2600000,0x00000006c2600000,0x00000006ccf80000)
 Metaspace       used 15542K, capacity 16328K, committed 16384K, reserved 1067008K
  class space    used 2386K, capacity 2530K, committed 2560K, reserved 1048576K
Event: 0.822 GC heap after
Heap after GC invocations=1 (full 0):
 PSYoungGen      total 75776K, used 5778K [0x000000076b780000, 0x0000000770c00000, 0x00000007c0000000)
  eden space 65024K, 0% used [0x000000076b780000,0x000000076b780000,0x000000076f700000)
  from space 10752K, 53% used [0x000000076f700000,0x000000076fca4ad0,0x0000000770180000)
  to   space 10752K, 0% used [0x0000000770180000,0x0000000770180000,0x0000000770c00000)
 ParOldGen       total 173568K, used 80K [0x00000006c2600000, 0x00000006ccf80000, 0x000000076b780000)
  object space 173568K, 0% used [0x00000006c2600000,0x00000006c2614010,0x00000006ccf80000)
 Metaspace       used 15542K, capacity 16328K, committed 16384K, reserved 1067008K
  class space    used 2386K, capacity 2530K, committed 2560K, reserved 1048576K
}
Event: 0.823 GC heap before
{Heap before GC invocations=2 (full 1):
 PSYoungGen      total 75776K, used 5778K [0x000000076b780000, 0x0000000770c00000, 0x00000007c0000000)
  eden space 65024K, 0% used [0x000000076b780000,0x000000076b780000,0x000000076f700000)
  from space 10752K, 53% used [0x000000076f700000,0x000000076fca4ad0,0x0000000770180000)
  to   space 10752K, 0% used [0x0000000770180000,0x0000000770180000,0x0000000770c00000)
 ParOldGen       total 173568K, used 80K [0x00000006c2600000, 0x00000006ccf80000, 0x000000076b780000)
  object space 173568K, 0% used [0x00000006c2600000,0x00000006c2614010,0x00000006ccf80000)
 Metaspace       used 15542K, capacity 16328K, committed 16384K, reserved 1067008K
  class space    used 2386K, capacity 2530K, committed 2560K, reserved 1048576K
Event: 0.841 GC heap after
Heap after GC invocations=2 (full 1):
 PSYoungGen      total 75776K, used 0K [0x000000076b780000, 0x0000000770c00000, 0x00000007c0000000)
  eden space 65024K, 0% used [0x000000076b780000,0x000000076b780000,0x000000076f700000)
  from space 10752K, 0% used [0x000000076f700000,0x000000076f700000,0x0000000770180000)
  to   space 10752K, 0% used [0x0000000770180000,0x0000000770180000,0x0000000770c00000)
 ParOldGen       total 124928K, used 5652K [0x00000006c2600000, 0x00000006ca000000, 0x000000076b780000)
  object space 124928K, 4% used [0x00000006c2600000,0x00000006c2b853c8,0x00000006ca000000)
 Metaspace       used 15542K, capacity 16328K, committed 16384K, reserved 1067008K
  class space    used 2386K, capacity 2530K, committed 2560K, reserved 1048576K
}

