# JRE version: Java(TM) SE Runtime Environment (8.0_131-b11) (build 1.8.0_131-b11)
# Java VM: Java HotSpot(TM) 64-Bit Server VM (25.131-b11 mixed mode windows-amd64 compressed oops)
Heap:
 PSYoungGen      total 75776K, used 33301K [0x000000076b780000, 0x0000000770c00000, 0x00000007c0000000)
  eden space 65024K, 51% used [0x000000076b780000,0x000000076d8055d8,0x000000076f700000)
  from space 10752K, 0% used [0x000000076f700000,0x000000076f700000,0x0000000770180000)
  to   space 10752K, 0% used [0x0000000770180000,0x0000000770180000,0x0000000770c00000)
 ParOldGen       total 123392K, used 1566K [0x00000006c2600000, 0x00000006c9e80000, 0x000000076b780000)
  object space 123392K, 1% used [0x00000006c2600000,0x00000006c2787830,0x00000006c9e80000)
 Metaspace       used 16006K, capacity 16917K, committed 17280K, reserved 1069056K
  class space    used 2423K, capacity 2615K, committed 2688K, reserved 1048576K
GC Heap History (4 events):
Event: 0.365 GC heap before
{Heap before GC invocations=1 (full 0):
 PSYoungGen      total 75776K, used 18214K [0x000000076b780000, 0x0000000770c00000, 0x00000007c0000000)
  eden space 65024K, 28% used [0x000000076b780000,0x000000076c949a58,0x000000076f700000)
  from space 10752K, 0% used [0x0000000770180000,0x0000000770180000,0x0000000770c00000)
  to   space 10752K, 0% used [0x000000076f700000,0x000000076f700000,0x0000000770180000)
 ParOldGen       total 173568K, used 0K [0x00000006c2600000, 0x00000006ccf80000, 0x000000076b780000)
  object space 173568K, 0% used [0x00000006c2600000,0x00000006c2600000,0x00000006ccf80000)
 Metaspace       used 8800K, capacity 9111K, committed 9216K, reserved 1064960K
  class space    used 1130K, capacity 1238K, committed 1280K, reserved 1048576K
Event: 0.367 GC heap after
Heap after GC invocations=1 (full 0):
 PSYoungGen      total 75776K, used 1664K [0x000000076b780000, 0x0000000770c00000, 0x00000007c0000000)
  eden space 65024K, 0% used [0x000000076b780000,0x000000076b780000,0x000000076f700000)
  from space 10752K, 15% used [0x000000076f700000,0x000000076f8a0040,0x0000000770180000)
  to   space 10752K, 0% used [0x0000000770180000,0x0000000770180000,0x0000000770c00000)
 ParOldGen       total 173568K, used 72K [0x00000006c2600000, 0x00000006ccf80000, 0x000000076b780000)
  object space 173568K, 0% used [0x00000006c2600000,0x00000006c2612010,0x00000006ccf80000)
 Metaspace       used 8800K, capacity 9111K, committed 9216K, reserved 1064960K
  class space    used 1130K, capacity 1238K, committed 1280K, reserved 1048576K
}
Event: 0.367 GC heap before
{Heap before GC invocations=2 (full 1):
 PSYoungGen      total 75776K, used 1664K [0x000000076b780000, 0x0000000770c00000, 0x00000007c0000000)
  eden space 65024K, 0% used [0x000000076b780000,0x000000076b780000,0x000000076f700000)
  from space 10752K, 15% used [0x000000076f700000,0x000000076f8a0040,0x0000000770180000)
  to   space 10752K, 0% used [0x0000000770180000,0x0000000770180000,0x0000000770c00000)
 ParOldGen       total 173568K, used 72K [0x00000006c2600000, 0x00000006ccf80000, 0x000000076b780000)
  object space 173568K, 0% used [0x00000006c2600000,0x00000006c2612010,0x00000006ccf80000)
 Metaspace       used 8800K, capacity 9111K, committed 9216K, reserved 1064960K
  class space    used 1130K, capacity 1238K, committed 1280K, reserved 1048576K
Event: 0.379 GC heap after
Heap after GC invocations=2 (full 1):
 PSYoungGen      total 75776K, used 0K [0x000000076b780000, 0x0000000770c00000, 0x00000007c0000000)
  eden space 65024K, 0% used [0x000000076b780000,0x000000076b780000,0x000000076f700000)
  from space 10752K, 0% used [0x000000076f700000,0x000000076f700000,0x0000000770180000)
  to   space 10752K, 0% used [0x0000000770180000,0x0000000770180000,0x0000000770c00000)
 ParOldGen       total 123392K, used 1566K [0x00000006c2600000, 0x00000006c9e80000, 0x000000076b780000)
  object space 123392K, 1% used [0x00000006c2600000,0x00000006c2787830,0x00000006c9e80000)
 Metaspace       used 8800K, capacity 9111K, committed 9216K, reserved 1062912K
  class space    used 1130K, capacity 1238K, committed 1280K, reserved 1048576K
}

